C:\Users\Fede\source\repos\CoolTasksApp\CoolTasksApp-UI\dist\out-tsc\src\app\app-routing.module.js
C:\Users\Fede\source\repos\CoolTasksApp\CoolTasksApp-UI\dist\out-tsc\src\app\app-routing.module.js.map
C:\Users\Fede\source\repos\CoolTasksApp\CoolTasksApp-UI\dist\out-tsc\src\app\app.component.js
C:\Users\Fede\source\repos\CoolTasksApp\CoolTasksApp-UI\dist\out-tsc\src\app\app.component.js.map
C:\Users\Fede\source\repos\CoolTasksApp\CoolTasksApp-UI\dist\out-tsc\src\app\home\home.component.js
C:\Users\Fede\source\repos\CoolTasksApp\CoolTasksApp-UI\dist\out-tsc\src\app\home\home.component.js.map
C:\Users\Fede\source\repos\CoolTasksApp\CoolTasksApp-UI\dist\out-tsc\src\app\app-models\task.js
C:\Users\Fede\source\repos\CoolTasksApp\CoolTasksApp-UI\dist\out-tsc\src\app\app-models\task.js.map
C:\Users\Fede\source\repos\CoolTasksApp\CoolTasksApp-UI\dist\out-tsc\src\app\app-services\tasks.service.js
C:\Users\Fede\source\repos\CoolTasksApp\CoolTasksApp-UI\dist\out-tsc\src\app\app-services\tasks.service.js.map
C:\Users\Fede\source\repos\CoolTasksApp\CoolTasksApp-UI\dist\out-tsc\src\app\list-to-do\list-to-do.component.js
C:\Users\Fede\source\repos\CoolTasksApp\CoolTasksApp-UI\dist\out-tsc\src\app\list-to-do\list-to-do.component.js.map
C:\Users\Fede\source\repos\CoolTasksApp\CoolTasksApp-UI\dist\out-tsc\src\app\header\header.component.js
C:\Users\Fede\source\repos\CoolTasksApp\CoolTasksApp-UI\dist\out-tsc\src\app\header\header.component.js.map
C:\Users\Fede\source\repos\CoolTasksApp\CoolTasksApp-UI\dist\out-tsc\src\app\footer\footer.component.js
C:\Users\Fede\source\repos\CoolTasksApp\CoolTasksApp-UI\dist\out-tsc\src\app\footer\footer.component.js.map
C:\Users\Fede\source\repos\CoolTasksApp\CoolTasksApp-UI\dist\out-tsc\src\app\app.module.js
C:\Users\Fede\source\repos\CoolTasksApp\CoolTasksApp-UI\dist\out-tsc\src\app\app.module.js.map
C:\Users\Fede\source\repos\CoolTasksApp\CoolTasksApp-UI\dist\out-tsc\src\environments\environment.js
C:\Users\Fede\source\repos\CoolTasksApp\CoolTasksApp-UI\dist\out-tsc\src\environments\environment.js.map
C:\Users\Fede\source\repos\CoolTasksApp\CoolTasksApp-UI\dist\out-tsc\src\main.js
C:\Users\Fede\source\repos\CoolTasksApp\CoolTasksApp-UI\dist\out-tsc\src\main.js.map
C:\Users\Fede\source\repos\CoolTasksApp\CoolTasksApp-UI\dist\out-tsc\src\polyfills.js
C:\Users\Fede\source\repos\CoolTasksApp\CoolTasksApp-UI\dist\out-tsc\src\polyfills.js.map
C:\Users\Fede\source\repos\CoolTasksApp\CoolTasksApp-UI\dist\out-tsc\src\test.js
C:\Users\Fede\source\repos\CoolTasksApp\CoolTasksApp-UI\dist\out-tsc\src\test.js.map
C:\Users\Fede\source\repos\CoolTasksApp\CoolTasksApp-UI\dist\out-tsc\e2e\src\app.po.js
C:\Users\Fede\source\repos\CoolTasksApp\CoolTasksApp-UI\dist\out-tsc\e2e\src\app.po.js.map
C:\Users\Fede\source\repos\CoolTasksApp\CoolTasksApp-UI\dist\out-tsc\e2e\src\app.e2e-spec.js
C:\Users\Fede\source\repos\CoolTasksApp\CoolTasksApp-UI\dist\out-tsc\e2e\src\app.e2e-spec.js.map
C:\Users\Fede\source\repos\CoolTasksApp\CoolTasksApp-UI\dist\out-tsc\src\app\app.component.spec.js
C:\Users\Fede\source\repos\CoolTasksApp\CoolTasksApp-UI\dist\out-tsc\src\app\app.component.spec.js.map
C:\Users\Fede\source\repos\CoolTasksApp\CoolTasksApp-UI\dist\out-tsc\src\environments\environment.prod.js
C:\Users\Fede\source\repos\CoolTasksApp\CoolTasksApp-UI\dist\out-tsc\src\environments\environment.prod.js.map
C:\Users\Fede\source\repos\CoolTasksApp\CoolTasksApp-UI\dist\out-tsc\src\app\app-services\tasks.service.spec.js
C:\Users\Fede\source\repos\CoolTasksApp\CoolTasksApp-UI\dist\out-tsc\src\app\app-services\tasks.service.spec.js.map
C:\Users\Fede\source\repos\CoolTasksApp\CoolTasksApp-UI\dist\out-tsc\src\app\footer\footer.component.spec.js
C:\Users\Fede\source\repos\CoolTasksApp\CoolTasksApp-UI\dist\out-tsc\src\app\footer\footer.component.spec.js.map
C:\Users\Fede\source\repos\CoolTasksApp\CoolTasksApp-UI\dist\out-tsc\src\app\header\header.component.spec.js
C:\Users\Fede\source\repos\CoolTasksApp\CoolTasksApp-UI\dist\out-tsc\src\app\header\header.component.spec.js.map
C:\Users\Fede\source\repos\CoolTasksApp\CoolTasksApp-UI\dist\out-tsc\src\app\home\home.component.spec.js
C:\Users\Fede\source\repos\CoolTasksApp\CoolTasksApp-UI\dist\out-tsc\src\app\home\home.component.spec.js.map
C:\Users\Fede\source\repos\CoolTasksApp\CoolTasksApp-UI\dist\out-tsc\src\app\list-to-do\list-to-do.component.spec.js
C:\Users\Fede\source\repos\CoolTasksApp\CoolTasksApp-UI\dist\out-tsc\src\app\list-to-do\list-to-do.component.spec.js.map
